13-12-2016 14:55:51 INFO  Version:66 - HCANN000001: Hibernate Commons Annotations {4.0.4.Final}
13-12-2016 14:55:51 INFO  Version:54 - HHH000412: Hibernate Core {4.3.1.Final}
13-12-2016 14:55:51 INFO  Environment:239 - HHH000206: hibernate.properties not found
13-12-2016 14:55:51 INFO  Environment:346 - HHH000021: Bytecode provider name : javassist
13-12-2016 14:55:51 INFO  Configuration:2073 - HHH000043: Configuring from resource: /hibernate.cfg.xml
13-12-2016 14:55:51 INFO  Configuration:2092 - HHH000040: Configuration resource: /hibernate.cfg.xml
13-12-2016 14:55:51 INFO  Configuration:2214 - HHH000041: Configured SessionFactory: null
13-12-2016 14:55:52 WARN  DriverManagerConnectionProviderImpl:93 - HHH000402: Using Hibernate built-in connection pool (not for production use!)
13-12-2016 14:55:52 INFO  DriverManagerConnectionProviderImpl:166 - HHH000401: using driver [com.mysql.jdbc.Driver] at URL [jdbc:mysql://localhost:3306/painel2]
13-12-2016 14:55:52 INFO  DriverManagerConnectionProviderImpl:175 - HHH000046: Connection properties: {user=root, password=****}
13-12-2016 14:55:52 INFO  DriverManagerConnectionProviderImpl:180 - HHH000006: Autocommit mode: false
13-12-2016 14:55:52 INFO  DriverManagerConnectionProviderImpl:102 - HHH000115: Hibernate connection pool size: 20 (min=1)
13-12-2016 14:55:52 INFO  Dialect:145 - HHH000400: Using dialect: org.hibernate.dialect.MySQLDialect
13-12-2016 14:55:52 INFO  TransactionFactoryInitiator:62 - HHH000399: Using default transaction strategy (direct JDBC transactions)
13-12-2016 14:55:52 INFO  ASTQueryTranslatorFactory:47 - HHH000397: Using ASTQueryTranslatorFactory
13-12-2016 16:21:23 INFO  Version:66 - HCANN000001: Hibernate Commons Annotations {4.0.4.Final}
13-12-2016 16:21:23 INFO  Version:54 - HHH000412: Hibernate Core {4.3.1.Final}
13-12-2016 16:21:23 INFO  Environment:239 - HHH000206: hibernate.properties not found
13-12-2016 16:21:23 INFO  Environment:346 - HHH000021: Bytecode provider name : javassist
13-12-2016 16:21:23 INFO  Configuration:2073 - HHH000043: Configuring from resource: /hibernate.cfg.xml
13-12-2016 16:21:23 INFO  Configuration:2092 - HHH000040: Configuration resource: /hibernate.cfg.xml
13-12-2016 16:21:24 INFO  Configuration:2214 - HHH000041: Configured SessionFactory: null
13-12-2016 16:21:24 WARN  DriverManagerConnectionProviderImpl:93 - HHH000402: Using Hibernate built-in connection pool (not for production use!)
13-12-2016 16:21:24 INFO  DriverManagerConnectionProviderImpl:166 - HHH000401: using driver [com.mysql.jdbc.Driver] at URL [jdbc:mysql://localhost:3306/painel2]
13-12-2016 16:21:24 INFO  DriverManagerConnectionProviderImpl:175 - HHH000046: Connection properties: {user=root, password=****}
13-12-2016 16:21:24 INFO  DriverManagerConnectionProviderImpl:180 - HHH000006: Autocommit mode: false
13-12-2016 16:21:24 INFO  DriverManagerConnectionProviderImpl:102 - HHH000115: Hibernate connection pool size: 20 (min=1)
13-12-2016 16:21:24 INFO  Dialect:145 - HHH000400: Using dialect: org.hibernate.dialect.MySQLDialect
13-12-2016 16:21:25 INFO  TransactionFactoryInitiator:62 - HHH000399: Using default transaction strategy (direct JDBC transactions)
13-12-2016 16:21:25 INFO  ASTQueryTranslatorFactory:47 - HHH000397: Using ASTQueryTranslatorFactory
